<?xml version="1.0" encoding="UTF-8"?>
<!-- Generated by org.testng.reporters.JUnitReportReporter -->
<testsuite skipped="0" hostname="Gokuls-MacBook-Pro.local" name="goksselenium.logincheckTest" tests="3" failures="0" timestamp="2020-02-02T19:02:55 AEDT" time="0.009" errors="0">
  <testcase name="passwordtest" time="0.001" classname="goksselenium.logincheckTest"/>
  <testcase name="usernamecheck" time="0.000" classname="goksselenium.logincheckTest"/>
  <testcase name="logintest" time="0.008" classname="goksselenium.logincheckTest"/>
</testsuite> <!-- goksselenium.logincheckTest -->
