<?xml version="1.0" encoding="UTF-8"?>
<!-- Generated by org.testng.reporters.JUnitReportReporter -->
<testsuite skipped="0" hostname="Gokuls-MacBook-Pro.local" name="goksselenium.loginpage" tests="3" failures="0" timestamp="2020-02-02T19:00:45 AEDT" time="0.008" errors="0">
  <testcase name="passwordtest" time="0.000" classname="goksselenium.loginpage"/>
  <testcase name="usernamecheck" time="0.001" classname="goksselenium.loginpage"/>
  <testcase name="logintest" time="0.007" classname="goksselenium.loginpage"/>
</testsuite> <!-- goksselenium.loginpage -->
